[ERROR] 2016-09-30 10:04:57 [http-nio-8090-exec-7] ge.com.cm.ctrl.CarController - selectGaragecar called!!!
[ERROR] 2016-09-30 10:22:45 [http-nio-8090-exec-3] ge.com.cm.ctrl.CarController - selectGaragecar called!!!
[ERROR] 2016-09-30 10:38:44 [http-nio-8090-exec-2] ge.com.cm.ctrl.CarController - selectGaragecar called!!!
[ERROR] 2016-09-30 10:38:59 [http-nio-8090-exec-6] ge.com.cm.ctrl.CarController - selectcar called!!!
[ERROR] 2016-09-30 10:39:15 [http-nio-8090-exec-3] ge.com.cm.ctrl.CarController - selectGaragecar called!!!
[ERROR] 2016-09-30 10:40:10 [http-nio-8090-exec-7] ge.com.cm.ctrl.CarController - selectGaragecar called!!!
[ERROR] 2016-09-30 10:46:05 [http-nio-8090-exec-9] ge.com.cm.ctrl.CarController - selectGaragecar called!!!
[ERROR] 2016-09-30 10:48:46 [http-nio-8090-exec-10] ge.com.cm.ctrl.CarController - selectGaragecar called!!!
[ERROR] 2016-09-30 10:48:49 [http-nio-8090-exec-5] ge.com.cm.ctrl.CarController - selectcar called!!!
[ERROR] 2016-09-30 10:48:56 [http-nio-8090-exec-8] ge.com.cm.ctrl.CarController - selectGaragecar called!!!
[ERROR] 2016-09-30 10:51:17 [http-nio-8090-exec-10] ge.com.cm.ctrl.CarController - selectGaragecar called!!!
[ERROR] 2016-09-30 10:51:29 [http-nio-8090-exec-4] ge.com.cm.ctrl.CarController - selectcar called!!!
[ERROR] 2016-09-30 10:51:45 [http-nio-8090-exec-1] ge.com.cm.ctrl.CarController - selectGaragecar called!!!
[ERROR] 2016-09-30 10:53:34 [http-nio-8090-exec-10] ge.com.cm.ctrl.CarController - selectGaragecar called!!!
[ERROR] 2016-09-30 10:53:38 [http-nio-8090-exec-4] ge.com.cm.ctrl.CarController - selectcar called!!!
[ERROR] 2016-09-30 10:53:45 [http-nio-8090-exec-9] ge.com.cm.ctrl.CarController - selectGaragecar called!!!
[ERROR] 2016-09-30 11:19:16 [http-nio-8090-exec-3] ge.com.cm.ctrl.CarController - selectGaragecar called!!!
[ERROR] 2016-09-30 11:19:31 [http-nio-8090-exec-6] ge.com.cm.ctrl.CarController - selectcar called!!!
[ERROR] 2016-09-30 11:21:09 [http-nio-8090-exec-3] ge.com.cm.ctrl.CarController - selectGaragecar called!!!
[ERROR] 2016-09-30 11:21:17 [http-nio-8090-exec-10] ge.com.cm.ctrl.CarController - selectcar called!!!
[ERROR] 2016-09-30 11:46:32 [http-nio-8090-exec-4] ge.com.cm.ctrl.CarController - selectGaragecar called!!!
[ERROR] 2016-09-30 11:56:19 [http-nio-8090-exec-6] ge.com.cm.ctrl.CarController - selectGaragecar called!!!
[ERROR] 2016-09-30 11:56:27 [http-nio-8090-exec-9] ge.com.cm.ctrl.CarController - selectcar called!!!
[ERROR] 2016-09-30 15:36:03 [http-nio-8090-exec-3] ge.com.cm.ctrl.CarController - selectGaragecar called!!!
[ERROR] 2016-09-30 15:36:11 [http-nio-8090-exec-10] ge.com.cm.ctrl.CarController - selectGaragecar called!!!
[ERROR] 2016-09-30 15:36:34 [http-nio-8090-exec-9] ge.com.cm.ctrl.CarController - selectGaragecar called!!!
[ERROR] 2016-09-30 15:36:37 [http-nio-8090-exec-5] ge.com.cm.ctrl.CarController - selectGaragecar called!!!
[ERROR] 2016-09-30 15:36:40 [http-nio-8090-exec-2] ge.com.cm.ctrl.CarController - selectGaragecar called!!!
[ERROR] 2016-09-30 15:37:01 [http-nio-8090-exec-7] ge.com.cm.ctrl.CarController - selectcar called!!!
[INFO ] 2016-09-30 15:37:13 [http-nio-8090-exec-9] ge.com.cm.ctrl.DriverController - 1475235433571 driver controller starts
[INFO ] 2016-09-30 15:37:13 [http-nio-8090-exec-9] ge.com.ws.DriverService - 1475235433572 Edit driver starts
[INFO ] 2016-09-30 15:37:13 [http-nio-8090-exec-9] ge.com.ws.DriverService - 1475235433572 driver parameters set
[INFO ] 2016-09-30 15:37:13 [http-nio-8090-exec-9] ge.com.ws.DriverService - 1475235433584 merged driver into database
[INFO ] 2016-09-30 15:37:13 [http-nio-8090-exec-9] ge.com.cm.ctrl.DriverController - 1475235433591 driver controller finishs
[INFO ] 2016-09-30 15:37:36 [http-nio-8090-exec-3] ge.com.cm.ctrl.DriverController - 1475235456769 driver controller starts
[INFO ] 2016-09-30 15:37:36 [http-nio-8090-exec-3] ge.com.ws.DriverService - 1475235456769 Edit driver starts
[INFO ] 2016-09-30 15:37:36 [http-nio-8090-exec-3] ge.com.ws.DriverService - 1475235456769 driver parameters set
[INFO ] 2016-09-30 15:37:36 [http-nio-8090-exec-3] ge.com.ws.DriverService - 1475235456789 merged driver into database
[INFO ] 2016-09-30 15:37:36 [http-nio-8090-exec-3] ge.com.cm.ctrl.DriverController - 1475235456789 driver controller finishs
[ERROR] 2016-09-30 15:37:37 [http-nio-8090-exec-6] ge.com.cm.ctrl.CarController - selectGaragecar called!!!
[ERROR] 2016-09-30 15:37:37 [http-nio-8090-exec-10] ge.com.cm.ctrl.CarController - selectcar called!!!
[ERROR] 2016-09-30 15:37:42 [http-nio-8090-exec-2] ge.com.cm.ctrl.CarController - selectcar called!!!
